###############################################################
#  Generated by:      Cadence Encounter 14.26-s039_1
#  OS:                Linux x86_64(Host ID srv02749)
#  Generated on:      Sun Apr 30 22:22:16 2023
#  Design:            computer
#  Command:           checkDesign -all -outDir checkDesignDbSetup
###############################################################
Design: computer

------ Design Summary:
Total Standard Cell Number   (cells) : 13790
Total Block Cell Number      (cells) : 0
Total I/O Pad Cell Number    (cells) : 22
Total Standard Cell Area     ( um^2) : 2088431.80
Total Block Cell Area        ( um^2) : 0.00
Total I/O Pad Cell Area      ( um^2) : 748880.00

------ Design Statistics:

Number of Instances            : 13812
Number of Nets                 : 17027
Average number of Pins per Net : 3.75
Maximum number of Pins in Net  : 3123

------ I/O Port summary

Number of Primary I/O Ports    : 22
Number of Input Ports          : 9
Number of Output Ports         : 13
Number of Bidirectional Ports  : 0
Number of Power/Ground Ports   : 0



------------------------------------------------------------
Detail report:


------ I/O Pad/Port Checking


