\o Program:		@(#)$CDS: libManager version 6.1.7 - CAT35 09/11/2017 15:13 (sjfnl050) $
\o Sub version:		sub-version  s057 
\o Arguments:		-mpssession virtuoso116311 -mpshost srv02749 
\o Working Directory:	srv02749:/home/yz17g22/mydocuments/design/system_on_chip/github/local_chip/post_process
\o 64-bit offsets
\o Qt version: 		4.8.5
\o Log file is "/home/yz17g22/mydocuments/design/system_on_chip/github/local_chip/post_process/libManager.log".
\o Opening libManager window.
\a nrSetCurrentWindow(cdsLibManager)
\a nrResizeWindow(cdsLibManager list(0 24 792 524))
\o changeWorkingDir("/home/yz17g22/mydocuments/design/system_on_chip/github/local_chip/post_process") unnecessary.
\o ddSetForcedLib("") unnecessary.
\o MPS service: map window
\o Library Manager customization server connected.
\a nrSetCurrentWindow(cdsLibManager)
\a nrResizeWindow(cdsLibManager list(1344 349 792 524))
\a nrSetCurrentWindow(cdsLibManager)
\a nrSetCurrentWindow(cdsLibManager)
\a nrSetCurrentWindow(cdsLibManager)
\a nrResizeWindow(cdsLibManager list(1178 55 958 818))
\a nrSetCurrentWindow(cdsLibManager)
\a nrResizeWindow(cdsLibManager list(1178 55 937 1305))
\a cdsLibManager->libListBox->value = "computer_post_process"
\a cdsLibManager->libLineEdit->value = "computer_post_process"
\a cdsLibManager->cellListBox->value = "computer"
\a cdsLibManager->cellLineEdit->value = "computer"
\a cdsLibManager->FileNewCVButton->value = t
\a nrSetCurrentWindow(cdsLibManager)
\a nrSetCurrentWindow(cdsLibManager)
\a cdsLibManager->cellListBox->value = "computer_pack"
\a cdsLibManager->cellLineEdit->value = "computer_pack"
\a cdsLibManager->viewListBox->value = "layout"
\a cdsLibManager->viewLineEdit->value = "layout"
\a nrSetCurrentWindow(cdsLibManager)
\a cdsLibManager->libListBox->value = nil
\a cdsLibManager->libLineEdit->value = ""
\a cdsLibManager->cellListBox->value = nil
\a cdsLibManager->viewLineEdit->value = ""
\a cdsLibManager->viewListBox->value = nil
\a cdsLibManager->cellLineEdit->value = ""
\a cdsLibManager->libListBox->value = "computer_post_process"
\a cdsLibManager->libLineEdit->value = "computer_post_process"
\a cdsLibManager->cellListBox->value = "computer_pack"
\a cdsLibManager->cellLineEdit->value = "computer_pack"
\a cdsLibManager->viewListBox->value = "layout"
\a cdsLibManager->viewLineEdit->value = "layout"
\a cdsLibManager->viewLineEdit->value = ""
\a cdsLibManager->viewListBox->value = nil
\a cdsLibManager->viewListBox->value = "layout"
\a cdsLibManager->viewLineEdit->value = "layout"
\a nrSetCurrentWindow(cdsLibManager)
\a nrSetCurrentWindow(cdsLibManager)
\a nrSetCurrentWindow(cdsLibManager)
\a nrSetCurrentWindow(cdsLibManager)
\a nrSetCurrentWindow(cdsLibManager)
\a nrSetCurrentWindow(cdsLibManager)
\a _lmgrCloseIconify("cdsLibManager" 1)
\a nrSetCurrentWindow(cdsLibManager)
\a nrSetCurrentWindow(cdsLibManager)
\a nrSetCurrentWindow(cdsLibManager)
\a nrSetCurrentWindow(cdsLibManager)
\o MPS service: shutdown
\o libManager is exiting.
\a nrSetWindowVisibility(cdsLibManager "hide")
\a exit(0)
